<?xml version="1.0" encoding="UTF-8"?>
<coverage generated="1747853906556" clover="3.2.0">
  <project timestamp="1747853906556" name="All files">
    <metrics statements="139" coveredstatements="35" conditionals="102" coveredconditionals="13" methods="69" coveredmethods="10" elements="310" coveredelements="58" complexity="0" loc="139" ncloc="139" packages="7" files="8" classes="8"/>
    <package name="components">
      <metrics statements="80" coveredstatements="0" conditionals="69" coveredconditionals="0" methods="47" coveredmethods="0"/>
      <file name="ModalReservation.tsx" path="C:\Users\g2002\Desktop\plf-es-2025-1-ti5-0492100-gastromatch\code\new_frontend\src\components\ModalReservation.tsx">
        <metrics statements="80" coveredstatements="0" conditionals="69" coveredconditionals="0" methods="47" coveredmethods="0"/>
        <line num="26" count="0" type="stmt"/>
        <line num="27" count="0" type="stmt"/>
        <line num="28" count="0" type="stmt"/>
        <line num="29" count="0" type="stmt"/>
        <line num="31" count="0" type="stmt"/>
        <line num="47" count="0" type="stmt"/>
        <line num="48" count="0" type="stmt"/>
        <line num="51" count="0" type="stmt"/>
        <line num="53" count="0" type="cond" truecount="0" falsecount="4"/>
        <line num="55" count="0" type="stmt"/>
        <line num="59" count="0" type="stmt"/>
        <line num="60" count="0" type="stmt"/>
        <line num="63" count="0" type="stmt"/>
        <line num="64" count="0" type="stmt"/>
        <line num="66" count="0" type="stmt"/>
        <line num="67" count="0" type="cond" truecount="0" falsecount="2"/>
        <line num="68" count="0" type="cond" truecount="0" falsecount="2"/>
        <line num="69" count="0" type="stmt"/>
        <line num="72" count="0" type="stmt"/>
        <line num="74" count="0" type="stmt"/>
        <line num="76" count="0" type="cond" truecount="0" falsecount="7"/>
        <line num="77" count="0" type="stmt"/>
        <line num="78" count="0" type="stmt"/>
        <line num="81" count="0" type="cond" truecount="0" falsecount="4"/>
        <line num="82" count="0" type="stmt"/>
        <line num="83" count="0" type="stmt"/>
        <line num="86" count="0" type="cond" truecount="0" falsecount="2"/>
        <line num="87" count="0" type="stmt"/>
        <line num="88" count="0" type="stmt"/>
        <line num="91" count="0" type="stmt"/>
        <line num="95" count="0" type="stmt"/>
        <line num="99" count="0" type="stmt"/>
        <line num="100" count="0" type="cond" truecount="0" falsecount="2"/>
        <line num="102" count="0" type="stmt"/>
        <line num="104" count="0" type="stmt"/>
        <line num="106" count="0" type="cond" truecount="0" falsecount="2"/>
        <line num="107" count="0" type="stmt"/>
        <line num="108" count="0" type="stmt"/>
        <line num="114" count="0" type="stmt"/>
        <line num="117" count="0" type="stmt"/>
        <line num="119" count="0" type="stmt"/>
        <line num="121" count="0" type="stmt"/>
        <line num="128" count="0" type="stmt"/>
        <line num="129" count="0" type="stmt"/>
        <line num="130" count="0" type="stmt"/>
        <line num="132" count="0" type="cond" truecount="0" falsecount="4"/>
        <line num="133" count="0" type="cond" truecount="0" falsecount="2"/>
        <line num="134" count="0" type="stmt"/>
        <line num="135" count="0" type="stmt"/>
        <line num="138" count="0" type="stmt"/>
        <line num="142" count="0" type="stmt"/>
        <line num="264" count="0" type="stmt"/>
        <line num="280" count="0" type="stmt"/>
        <line num="296" count="0" type="stmt"/>
        <line num="312" count="0" type="stmt"/>
        <line num="328" count="0" type="stmt"/>
        <line num="352" count="0" type="stmt"/>
        <line num="353" count="0" type="stmt"/>
        <line num="354" count="0" type="stmt"/>
        <line num="355" count="0" type="stmt"/>
        <line num="368" count="0" type="stmt"/>
        <line num="369" count="0" type="stmt"/>
        <line num="370" count="0" type="stmt"/>
        <line num="371" count="0" type="stmt"/>
        <line num="372" count="0" type="stmt"/>
        <line num="385" count="0" type="stmt"/>
        <line num="401" count="0" type="stmt"/>
        <line num="416" count="0" type="stmt"/>
        <line num="428" count="0" type="stmt"/>
        <line num="444" count="0" type="stmt"/>
        <line num="446" count="0" type="stmt"/>
        <line num="453" count="0" type="stmt"/>
        <line num="455" count="0" type="stmt"/>
        <line num="456" count="0" type="stmt"/>
        <line num="457" count="0" type="stmt"/>
        <line num="479" count="0" type="stmt"/>
        <line num="519" count="0" type="stmt"/>
        <line num="544" count="0" type="stmt"/>
        <line num="599" count="0" type="stmt"/>
        <line num="647" count="0" type="stmt"/>
      </file>
    </package>
    <package name="components.Header">
      <metrics statements="2" coveredstatements="2" conditionals="4" coveredconditionals="2" methods="1" coveredmethods="1"/>
      <file name="Header.tsx" path="C:\Users\g2002\Desktop\plf-es-2025-1-ti5-0492100-gastromatch\code\new_frontend\src\components\Header\Header.tsx">
        <metrics statements="2" coveredstatements="2" conditionals="4" coveredconditionals="2" methods="1" coveredmethods="1"/>
        <line num="7" count="9" type="stmt"/>
        <line num="10" count="9" type="stmt"/>
      </file>
    </package>
    <package name="components.ui">
      <metrics statements="2" coveredstatements="0" conditionals="2" coveredconditionals="0" methods="2" coveredmethods="0"/>
      <file name="SubmitBtn.tsx" path="C:\Users\g2002\Desktop\plf-es-2025-1-ti5-0492100-gastromatch\code\new_frontend\src\components\ui\SubmitBtn.tsx">
        <metrics statements="2" coveredstatements="0" conditionals="2" coveredconditionals="0" methods="2" coveredmethods="0"/>
        <line num="5" count="0" type="stmt"/>
        <line num="9" count="0" type="stmt"/>
      </file>
    </package>
    <package name="components.ui.alerts">
      <metrics statements="2" coveredstatements="0" conditionals="6" coveredconditionals="0" methods="2" coveredmethods="0"/>
      <file name="SuccessAlert.tsx" path="C:\Users\g2002\Desktop\plf-es-2025-1-ti5-0492100-gastromatch\code\new_frontend\src\components\ui\alerts\SuccessAlert.tsx">
        <metrics statements="1" coveredstatements="0" conditionals="4" coveredconditionals="0" methods="1" coveredmethods="0"/>
        <line num="5" count="0" type="stmt"/>
      </file>
      <file name="TextErrorAlert.tsx" path="C:\Users\g2002\Desktop\plf-es-2025-1-ti5-0492100-gastromatch\code\new_frontend\src\components\ui\alerts\TextErrorAlert.tsx">
        <metrics statements="1" coveredstatements="0" conditionals="2" coveredconditionals="0" methods="1" coveredmethods="0"/>
        <line num="8" count="0" type="cond" truecount="0" falsecount="2"/>
      </file>
    </package>
    <package name="context">
      <metrics statements="30" coveredstatements="13" conditionals="8" coveredconditionals="1" methods="8" coveredmethods="4"/>
      <file name="AuthProvider.tsx" path="C:\Users\g2002\Desktop\plf-es-2025-1-ti5-0492100-gastromatch\code\new_frontend\src\context\AuthProvider.tsx">
        <metrics statements="30" coveredstatements="13" conditionals="8" coveredconditionals="1" methods="8" coveredmethods="4"/>
        <line num="14" count="1" type="stmt"/>
        <line num="16" count="1" type="stmt"/>
        <line num="17" count="8" type="stmt"/>
        <line num="18" count="8" type="stmt"/>
        <line num="19" count="8" type="stmt"/>
        <line num="21" count="8" type="stmt"/>
        <line num="22" count="4" type="stmt"/>
        <line num="28" count="4" type="cond" truecount="1" falsecount="1"/>
        <line num="29" count="0" type="stmt"/>
        <line num="31" count="0" type="stmt"/>
        <line num="33" count="0" type="stmt"/>
        <line num="46" count="0" type="stmt"/>
        <line num="48" count="4" type="stmt"/>
        <line num="52" count="8" type="stmt"/>
        <line num="53" count="0" type="stmt"/>
        <line num="57" count="0" type="stmt"/>
        <line num="58" count="0" type="stmt"/>
        <line num="61" count="8" type="stmt"/>
        <line num="63" count="0" type="stmt"/>
        <line num="65" count="0" type="stmt"/>
        <line num="74" count="0" type="cond" truecount="0" falsecount="2"/>
        <line num="75" count="0" type="stmt"/>
        <line num="76" count="0" type="cond" truecount="0" falsecount="2"/>
        <line num="79" count="0" type="stmt"/>
        <line num="81" count="0" type="stmt"/>
        <line num="83" count="0" type="stmt"/>
        <line num="93" count="0" type="stmt"/>
        <line num="96" count="0" type="cond" truecount="0" falsecount="2"/>
        <line num="100" count="8" type="stmt"/>
        <line num="107" count="1" type="stmt"/>
      </file>
    </package>
    <package name="lib">
      <metrics statements="1" coveredstatements="1" conditionals="2" coveredconditionals="2" methods="0" coveredmethods="0"/>
      <file name="env.ts" path="C:\Users\g2002\Desktop\plf-es-2025-1-ti5-0492100-gastromatch\code\new_frontend\src\lib\env.ts">
        <metrics statements="1" coveredstatements="1" conditionals="2" coveredconditionals="2" methods="0" coveredmethods="0"/>
        <line num="1" count="1" type="cond" truecount="2" falsecount="0"/>
      </file>
    </package>
    <package name="routes">
      <metrics statements="22" coveredstatements="19" conditionals="11" coveredconditionals="8" methods="9" coveredmethods="5"/>
      <file name="Home.tsx" path="C:\Users\g2002\Desktop\plf-es-2025-1-ti5-0492100-gastromatch\code\new_frontend\src\routes\Home.tsx">
        <metrics statements="22" coveredstatements="19" conditionals="11" coveredconditionals="8" methods="9" coveredmethods="5"/>
        <line num="12" count="1" type="stmt"/>
        <line num="14" count="9" type="stmt"/>
        <line num="15" count="9" type="stmt"/>
        <line num="16" count="9" type="stmt"/>
        <line num="17" count="9" type="stmt"/>
        <line num="18" count="9" type="stmt"/>
        <line num="19" count="9" type="stmt"/>
        <line num="20" count="9" type="stmt"/>
        <line num="21" count="9" type="stmt"/>
        <line num="23" count="9" type="cond" truecount="1" falsecount="1"/>
        <line num="25" count="9" type="stmt"/>
        <line num="28" count="4" type="stmt"/>
        <line num="29" count="4" type="stmt"/>
        <line num="31" count="4" type="cond" truecount="4" falsecount="1"/>
        <line num="32" count="4" type="stmt"/>
        <line num="37" count="4" type="stmt"/>
        <line num="41" count="9" type="stmt"/>
        <line num="65" count="1" type="stmt"/>
        <line num="102" count="5" type="stmt"/>
        <line num="117" count="0" type="stmt"/>
        <line num="135" count="0" type="stmt"/>
        <line num="136" count="0" type="stmt"/>
      </file>
    </package>
  </project>
</coverage>
