{"C:\\Users\\g2002\\Desktop\\plf-es-2025-1-ti5-0492100-gastromatch\\code\\new_frontend\\src\\components\\ModalReservation.tsx": {"path":"C:\\Users\\g2002\\Desktop\\plf-es-2025-1-ti5-0492100-gastromatch\\code\\new_frontend\\src\\components\\ModalReservation.tsx","statementMap":{"0":{"start":{"line":26,"column":42},"end":{"line":26,"column":61}},"1":{"start":{"line":27,"column":53},"end":{"line":27,"column":111}},"2":{"start":{"line":28,"column":44},"end":{"line":28,"column":68}},"3":{"start":{"line":29,"column":60},"end":{"line":29,"column":72}},"4":{"start":{"line":31,"column":42},"end":{"line":45,"column":6}},"5":{"start":{"line":47,"column":4},"end":{"line":49,"column":10}},"6":{"start":{"line":48,"column":8},"end":{"line":48,"column":26}},"7":{"start":{"line":51,"column":23},"end":{"line":57,"column":5}},"8":{"start":{"line":53,"column":8},"end":{"line":53,"column":58}},"9":{"start":{"line":53,"column":51},"end":{"line":53,"column":58}},"10":{"start":{"line":55,"column":8},"end":{"line":55,"column":56}},"11":{"start":{"line":55,"column":33},"end":{"line":55,"column":54}},"12":{"start":{"line":59,"column":23},"end":{"line":61,"column":5}},"13":{"start":{"line":60,"column":8},"end":{"line":60,"column":56}},"14":{"start":{"line":60,"column":33},"end":{"line":60,"column":54}},"15":{"start":{"line":63,"column":23},"end":{"line":63,"column":70}},"16":{"start":{"line":63,"column":39},"end":{"line":63,"column":70}},"17":{"start":{"line":64,"column":23},"end":{"line":64,"column":70}},"18":{"start":{"line":64,"column":39},"end":{"line":64,"column":70}},"19":{"start":{"line":66,"column":24},"end":{"line":70,"column":5}},"20":{"start":{"line":67,"column":21},"end":{"line":67,"column":116}},"21":{"start":{"line":68,"column":22},"end":{"line":68,"column":136}},"22":{"start":{"line":69,"column":8},"end":{"line":69,"column":153}},"23":{"start":{"line":72,"column":26},"end":{"line":97,"column":5}},"24":{"start":{"line":74,"column":8},"end":{"line":74,"column":51}},"25":{"start":{"line":76,"column":8},"end":{"line":79,"column":9}},"26":{"start":{"line":77,"column":12},"end":{"line":77,"column":89}},"27":{"start":{"line":78,"column":12},"end":{"line":78,"column":25}},"28":{"start":{"line":81,"column":8},"end":{"line":84,"column":9}},"29":{"start":{"line":82,"column":12},"end":{"line":82,"column":90}},"30":{"start":{"line":83,"column":12},"end":{"line":83,"column":25}},"31":{"start":{"line":86,"column":8},"end":{"line":89,"column":9}},"32":{"start":{"line":87,"column":12},"end":{"line":87,"column":91}},"33":{"start":{"line":88,"column":12},"end":{"line":88,"column":25}},"34":{"start":{"line":91,"column":8},"end":{"line":93,"column":11}},"35":{"start":{"line":91,"column":34},"end":{"line":93,"column":9}},"36":{"start":{"line":95,"column":8},"end":{"line":95,"column":20}},"37":{"start":{"line":99,"column":31},"end":{"line":115,"column":5}},"38":{"start":{"line":100,"column":8},"end":{"line":100,"column":42}},"39":{"start":{"line":100,"column":35},"end":{"line":100,"column":42}},"40":{"start":{"line":102,"column":33},"end":{"line":104,"column":31}},"41":{"start":{"line":104,"column":22},"end":{"line":104,"column":30}},"42":{"start":{"line":106,"column":8},"end":{"line":112,"column":9}},"43":{"start":{"line":107,"column":29},"end":{"line":107,"column":83}},"44":{"start":{"line":108,"column":10},"end":{"line":111,"column":14}},"45":{"start":{"line":108,"column":36},"end":{"line":111,"column":11}},"46":{"start":{"line":114,"column":8},"end":{"line":114,"column":36}},"47":{"start":{"line":117,"column":30},"end":{"line":140,"column":5}},"48":{"start":{"line":119,"column":8},"end":{"line":119,"column":30}},"49":{"start":{"line":121,"column":31},"end":{"line":126,"column":9}},"50":{"start":{"line":128,"column":23},"end":{"line":128,"column":84}},"51":{"start":{"line":129,"column":25},"end":{"line":129,"column":44}},"52":{"start":{"line":130,"column":8},"end":{"line":130,"column":31}},"53":{"start":{"line":132,"column":8},"end":{"line":136,"column":9}},"54":{"start":{"line":133,"column":29},"end":{"line":133,"column":104}},"55":{"start":{"line":134,"column":12},"end":{"line":134,"column":60}},"56":{"start":{"line":135,"column":12},"end":{"line":135,"column":19}},"57":{"start":{"line":138,"column":8},"end":{"line":138,"column":30}},"58":{"start":{"line":142,"column":4},"end":{"line":657,"column":6}},"59":{"start":{"line":264,"column":48},"end":{"line":267,"column":51}},"60":{"start":{"line":264,"column":74},"end":{"line":267,"column":49}},"61":{"start":{"line":280,"column":48},"end":{"line":283,"column":51}},"62":{"start":{"line":280,"column":74},"end":{"line":283,"column":49}},"63":{"start":{"line":296,"column":48},"end":{"line":299,"column":51}},"64":{"start":{"line":296,"column":74},"end":{"line":299,"column":49}},"65":{"start":{"line":312,"column":48},"end":{"line":315,"column":51}},"66":{"start":{"line":312,"column":74},"end":{"line":315,"column":49}},"67":{"start":{"line":328,"column":52},"end":{"line":331,"column":55}},"68":{"start":{"line":328,"column":78},"end":{"line":331,"column":53}},"69":{"start":{"line":352,"column":64},"end":{"line":352,"column":90}},"70":{"start":{"line":353,"column":75},"end":{"line":353,"column":100}},"71":{"start":{"line":354,"column":48},"end":{"line":354,"column":93}},"72":{"start":{"line":355,"column":48},"end":{"line":355,"column":103}},"73":{"start":{"line":355,"column":74},"end":{"line":355,"column":100}},"74":{"start":{"line":368,"column":64},"end":{"line":368,"column":90}},"75":{"start":{"line":369,"column":73},"end":{"line":369,"column":98}},"76":{"start":{"line":370,"column":48},"end":{"line":370,"column":73}},"77":{"start":{"line":371,"column":48},"end":{"line":371,"column":77}},"78":{"start":{"line":372,"column":48},"end":{"line":372,"column":103}},"79":{"start":{"line":372,"column":74},"end":{"line":372,"column":100}},"80":{"start":{"line":385,"column":48},"end":{"line":388,"column":51}},"81":{"start":{"line":385,"column":74},"end":{"line":388,"column":49}},"82":{"start":{"line":401,"column":48},"end":{"line":404,"column":51}},"83":{"start":{"line":401,"column":74},"end":{"line":404,"column":49}},"84":{"start":{"line":416,"column":65},"end":{"line":416,"column":104}},"85":{"start":{"line":428,"column":52},"end":{"line":430,"column":61}},"86":{"start":{"line":444,"column":63},"end":{"line":444,"column":78}},"87":{"start":{"line":446,"column":52},"end":{"line":466,"column":58}},"88":{"start":{"line":453,"column":70},"end":{"line":456,"column":96}},"89":{"start":{"line":455,"column":72},"end":{"line":455,"column":80}},"90":{"start":{"line":456,"column":78},"end":{"line":456,"column":95}},"91":{"start":{"line":457,"column":56},"end":{"line":460,"column":60}},"92":{"start":{"line":457,"column":82},"end":{"line":460,"column":57}},"93":{"start":{"line":479,"column":48},"end":{"line":482,"column":51}},"94":{"start":{"line":479,"column":74},"end":{"line":482,"column":49}},"95":{"start":{"line":519,"column":64},"end":{"line":526,"column":70}},"96":{"start":{"line":544,"column":56},"end":{"line":550,"column":57}},"97":{"start":{"line":599,"column":52},"end":{"line":605,"column":53}},"98":{"start":{"line":647,"column":44},"end":{"line":647,"column":63}}},"fnMap":{"0":{"name":"ModalReservation","decl":{"start":{"line":18,"column":24},"end":{"line":18,"column":40}},"loc":{"start":{"line":24,"column":26},"end":{"line":658,"column":1}},"line":24},"1":{"name":"(anonymous_1)","decl":{"start":{"line":47,"column":14},"end":{"line":47,"column":15}},"loc":{"start":{"line":47,"column":19},"end":{"line":49,"column":5}},"line":47},"2":{"name":"(anonymous_2)","decl":{"start":{"line":51,"column":23},"end":{"line":51,"column":24}},"loc":{"start":{"line":51,"column":29},"end":{"line":57,"column":5}},"line":51},"3":{"name":"(anonymous_3)","decl":{"start":{"line":55,"column":23},"end":{"line":55,"column":24}},"loc":{"start":{"line":55,"column":33},"end":{"line":55,"column":54}},"line":55},"4":{"name":"(anonymous_4)","decl":{"start":{"line":59,"column":23},"end":{"line":59,"column":24}},"loc":{"start":{"line":59,"column":29},"end":{"line":61,"column":5}},"line":59},"5":{"name":"(anonymous_5)","decl":{"start":{"line":60,"column":23},"end":{"line":60,"column":24}},"loc":{"start":{"line":60,"column":33},"end":{"line":60,"column":54}},"line":60},"6":{"name":"(anonymous_6)","decl":{"start":{"line":63,"column":23},"end":{"line":63,"column":24}},"loc":{"start":{"line":63,"column":39},"end":{"line":63,"column":70}},"line":63},"7":{"name":"(anonymous_7)","decl":{"start":{"line":64,"column":23},"end":{"line":64,"column":24}},"loc":{"start":{"line":64,"column":39},"end":{"line":64,"column":70}},"line":64},"8":{"name":"(anonymous_8)","decl":{"start":{"line":66,"column":24},"end":{"line":66,"column":25}},"loc":{"start":{"line":66,"column":30},"end":{"line":70,"column":5}},"line":66},"9":{"name":"(anonymous_9)","decl":{"start":{"line":72,"column":26},"end":{"line":72,"column":27}},"loc":{"start":{"line":72,"column":32},"end":{"line":97,"column":5}},"line":72},"10":{"name":"(anonymous_10)","decl":{"start":{"line":91,"column":23},"end":{"line":91,"column":24}},"loc":{"start":{"line":91,"column":34},"end":{"line":93,"column":9}},"line":91},"11":{"name":"(anonymous_11)","decl":{"start":{"line":99,"column":31},"end":{"line":99,"column":32}},"loc":{"start":{"line":99,"column":37},"end":{"line":115,"column":5}},"line":99},"12":{"name":"(anonymous_12)","decl":{"start":{"line":104,"column":15},"end":{"line":104,"column":16}},"loc":{"start":{"line":104,"column":22},"end":{"line":104,"column":30}},"line":104},"13":{"name":"(anonymous_13)","decl":{"start":{"line":108,"column":25},"end":{"line":108,"column":26}},"loc":{"start":{"line":108,"column":36},"end":{"line":111,"column":11}},"line":108},"14":{"name":"(anonymous_14)","decl":{"start":{"line":117,"column":30},"end":{"line":117,"column":31}},"loc":{"start":{"line":117,"column":42},"end":{"line":140,"column":5}},"line":117},"15":{"name":"(anonymous_15)","decl":{"start":{"line":263,"column":54},"end":{"line":263,"column":55}},"loc":{"start":{"line":264,"column":48},"end":{"line":267,"column":51}},"line":264},"16":{"name":"(anonymous_16)","decl":{"start":{"line":264,"column":63},"end":{"line":264,"column":64}},"loc":{"start":{"line":264,"column":74},"end":{"line":267,"column":49}},"line":264},"17":{"name":"(anonymous_17)","decl":{"start":{"line":279,"column":54},"end":{"line":279,"column":55}},"loc":{"start":{"line":280,"column":48},"end":{"line":283,"column":51}},"line":280},"18":{"name":"(anonymous_18)","decl":{"start":{"line":280,"column":63},"end":{"line":280,"column":64}},"loc":{"start":{"line":280,"column":74},"end":{"line":283,"column":49}},"line":280},"19":{"name":"(anonymous_19)","decl":{"start":{"line":295,"column":54},"end":{"line":295,"column":55}},"loc":{"start":{"line":296,"column":48},"end":{"line":299,"column":51}},"line":296},"20":{"name":"(anonymous_20)","decl":{"start":{"line":296,"column":63},"end":{"line":296,"column":64}},"loc":{"start":{"line":296,"column":74},"end":{"line":299,"column":49}},"line":296},"21":{"name":"(anonymous_21)","decl":{"start":{"line":311,"column":54},"end":{"line":311,"column":55}},"loc":{"start":{"line":312,"column":48},"end":{"line":315,"column":51}},"line":312},"22":{"name":"(anonymous_22)","decl":{"start":{"line":312,"column":63},"end":{"line":312,"column":64}},"loc":{"start":{"line":312,"column":74},"end":{"line":315,"column":49}},"line":312},"23":{"name":"(anonymous_23)","decl":{"start":{"line":327,"column":58},"end":{"line":327,"column":59}},"loc":{"start":{"line":328,"column":52},"end":{"line":331,"column":55}},"line":328},"24":{"name":"(anonymous_24)","decl":{"start":{"line":328,"column":67},"end":{"line":328,"column":68}},"loc":{"start":{"line":328,"column":78},"end":{"line":331,"column":53}},"line":328},"25":{"name":"(anonymous_25)","decl":{"start":{"line":351,"column":54},"end":{"line":351,"column":55}},"loc":{"start":{"line":351,"column":61},"end":{"line":356,"column":45}},"line":351},"26":{"name":"(anonymous_26)","decl":{"start":{"line":355,"column":63},"end":{"line":355,"column":64}},"loc":{"start":{"line":355,"column":74},"end":{"line":355,"column":100}},"line":355},"27":{"name":"(anonymous_27)","decl":{"start":{"line":367,"column":54},"end":{"line":367,"column":55}},"loc":{"start":{"line":367,"column":61},"end":{"line":373,"column":45}},"line":367},"28":{"name":"(anonymous_28)","decl":{"start":{"line":372,"column":63},"end":{"line":372,"column":64}},"loc":{"start":{"line":372,"column":74},"end":{"line":372,"column":100}},"line":372},"29":{"name":"(anonymous_29)","decl":{"start":{"line":384,"column":54},"end":{"line":384,"column":55}},"loc":{"start":{"line":385,"column":48},"end":{"line":388,"column":51}},"line":385},"30":{"name":"(anonymous_30)","decl":{"start":{"line":385,"column":63},"end":{"line":385,"column":64}},"loc":{"start":{"line":385,"column":74},"end":{"line":388,"column":49}},"line":385},"31":{"name":"(anonymous_31)","decl":{"start":{"line":400,"column":54},"end":{"line":400,"column":55}},"loc":{"start":{"line":401,"column":48},"end":{"line":404,"column":51}},"line":401},"32":{"name":"(anonymous_32)","decl":{"start":{"line":401,"column":63},"end":{"line":401,"column":64}},"loc":{"start":{"line":401,"column":74},"end":{"line":404,"column":49}},"line":401},"33":{"name":"(anonymous_33)","decl":{"start":{"line":416,"column":58},"end":{"line":416,"column":59}},"loc":{"start":{"line":416,"column":65},"end":{"line":416,"column":104}},"line":416},"34":{"name":"(anonymous_34)","decl":{"start":{"line":427,"column":54},"end":{"line":427,"column":55}},"loc":{"start":{"line":428,"column":52},"end":{"line":430,"column":61}},"line":428},"35":{"name":"(anonymous_35)","decl":{"start":{"line":444,"column":56},"end":{"line":444,"column":57}},"loc":{"start":{"line":444,"column":63},"end":{"line":444,"column":78}},"line":444},"36":{"name":"(anonymous_36)","decl":{"start":{"line":445,"column":53},"end":{"line":445,"column":54}},"loc":{"start":{"line":446,"column":52},"end":{"line":466,"column":58}},"line":446},"37":{"name":"(anonymous_37)","decl":{"start":{"line":452,"column":65},"end":{"line":452,"column":66}},"loc":{"start":{"line":452,"column":71},"end":{"line":461,"column":57}},"line":452},"38":{"name":"(anonymous_38)","decl":{"start":{"line":455,"column":65},"end":{"line":455,"column":66}},"loc":{"start":{"line":455,"column":72},"end":{"line":455,"column":80}},"line":455},"39":{"name":"(anonymous_39)","decl":{"start":{"line":456,"column":68},"end":{"line":456,"column":69}},"loc":{"start":{"line":456,"column":78},"end":{"line":456,"column":95}},"line":456},"40":{"name":"(anonymous_40)","decl":{"start":{"line":457,"column":71},"end":{"line":457,"column":72}},"loc":{"start":{"line":457,"column":82},"end":{"line":460,"column":57}},"line":457},"41":{"name":"(anonymous_41)","decl":{"start":{"line":478,"column":54},"end":{"line":478,"column":55}},"loc":{"start":{"line":479,"column":48},"end":{"line":482,"column":51}},"line":479},"42":{"name":"(anonymous_42)","decl":{"start":{"line":479,"column":63},"end":{"line":479,"column":64}},"loc":{"start":{"line":479,"column":74},"end":{"line":482,"column":49}},"line":479},"43":{"name":"(anonymous_43)","decl":{"start":{"line":518,"column":79},"end":{"line":518,"column":80}},"loc":{"start":{"line":519,"column":64},"end":{"line":526,"column":70}},"line":519},"44":{"name":"(anonymous_44)","decl":{"start":{"line":543,"column":96},"end":{"line":543,"column":97}},"loc":{"start":{"line":543,"column":111},"end":{"line":551,"column":53}},"line":543},"45":{"name":"(anonymous_45)","decl":{"start":{"line":597,"column":96},"end":{"line":597,"column":97}},"loc":{"start":{"line":597,"column":113},"end":{"line":606,"column":49}},"line":597},"46":{"name":"(anonymous_46)","decl":{"start":{"line":647,"column":38},"end":{"line":647,"column":39}},"loc":{"start":{"line":647,"column":44},"end":{"line":647,"column":63}},"line":647}},"branchMap":{"0":{"loc":{"start":{"line":37,"column":14},"end":{"line":37,"column":30}},"type":"binary-expr","locations":[{"start":{"line":37,"column":14},"end":{"line":37,"column":25}},{"start":{"line":37,"column":29},"end":{"line":37,"column":30}}],"line":37},"1":{"loc":{"start":{"line":53,"column":8},"end":{"line":53,"column":58}},"type":"if","locations":[{"start":{"line":53,"column":8},"end":{"line":53,"column":58}},{"start":{},"end":{}}],"line":53},"2":{"loc":{"start":{"line":53,"column":12},"end":{"line":53,"column":49}},"type":"binary-expr","locations":[{"start":{"line":53,"column":12},"end":{"line":53,"column":29}},{"start":{"line":53,"column":33},"end":{"line":53,"column":49}}],"line":53},"3":{"loc":{"start":{"line":67,"column":21},"end":{"line":67,"column":116}},"type":"cond-expr","locations":[{"start":{"line":67,"column":55},"end":{"line":67,"column":87}},{"start":{"line":67,"column":90},"end":{"line":67,"column":116}}],"line":67},"4":{"loc":{"start":{"line":68,"column":22},"end":{"line":68,"column":136}},"type":"cond-expr","locations":[{"start":{"line":68,"column":61},"end":{"line":68,"column":100}},{"start":{"line":68,"column":104},"end":{"line":68,"column":135}}],"line":68},"5":{"loc":{"start":{"line":76,"column":8},"end":{"line":79,"column":9}},"type":"if","locations":[{"start":{"line":76,"column":8},"end":{"line":79,"column":9}},{"start":{},"end":{}}],"line":76},"6":{"loc":{"start":{"line":76,"column":12},"end":{"line":76,"column":132}},"type":"binary-expr","locations":[{"start":{"line":76,"column":12},"end":{"line":76,"column":24}},{"start":{"line":76,"column":28},"end":{"line":76,"column":54}},{"start":{"line":76,"column":58},"end":{"line":76,"column":85}},{"start":{"line":76,"column":89},"end":{"line":76,"column":107}},{"start":{"line":76,"column":111},"end":{"line":76,"column":132}}],"line":76},"7":{"loc":{"start":{"line":81,"column":8},"end":{"line":84,"column":9}},"type":"if","locations":[{"start":{"line":81,"column":8},"end":{"line":84,"column":9}},{"start":{},"end":{}}],"line":81},"8":{"loc":{"start":{"line":81,"column":12},"end":{"line":81,"column":54}},"type":"binary-expr","locations":[{"start":{"line":81,"column":12},"end":{"line":81,"column":29}},{"start":{"line":81,"column":33},"end":{"line":81,"column":54}}],"line":81},"9":{"loc":{"start":{"line":86,"column":8},"end":{"line":89,"column":9}},"type":"if","locations":[{"start":{"line":86,"column":8},"end":{"line":89,"column":9}},{"start":{},"end":{}}],"line":86},"10":{"loc":{"start":{"line":100,"column":8},"end":{"line":100,"column":42}},"type":"if","locations":[{"start":{"line":100,"column":8},"end":{"line":100,"column":42}},{"start":{},"end":{}}],"line":100},"11":{"loc":{"start":{"line":106,"column":8},"end":{"line":112,"column":9}},"type":"if","locations":[{"start":{"line":106,"column":8},"end":{"line":112,"column":9}},{"start":{},"end":{}}],"line":106},"12":{"loc":{"start":{"line":132,"column":8},"end":{"line":136,"column":9}},"type":"if","locations":[{"start":{"line":132,"column":8},"end":{"line":136,"column":9}},{"start":{},"end":{}}],"line":132},"13":{"loc":{"start":{"line":132,"column":12},"end":{"line":132,"column":33}},"type":"binary-expr","locations":[{"start":{"line":132,"column":12},"end":{"line":132,"column":19}},{"start":{"line":132,"column":23},"end":{"line":132,"column":33}}],"line":132},"14":{"loc":{"start":{"line":133,"column":29},"end":{"line":133,"column":104}},"type":"cond-expr","locations":[{"start":{"line":133,"column":45},"end":{"line":133,"column":61}},{"start":{"line":133,"column":64},"end":{"line":133,"column":104}}],"line":133},"15":{"loc":{"start":{"line":143,"column":8},"end":{"line":656,"column":9}},"type":"binary-expr","locations":[{"start":{"line":143,"column":8},"end":{"line":143,"column":12}},{"start":{"line":144,"column":12},"end":{"line":655,"column":15}}],"line":143},"16":{"loc":{"start":{"line":162,"column":32},"end":{"line":164,"column":65}},"type":"cond-expr","locations":[{"start":{"line":163,"column":38},"end":{"line":163,"column":61}},{"start":{"line":164,"column":38},"end":{"line":164,"column":65}}],"line":162},"17":{"loc":{"start":{"line":173,"column":36},"end":{"line":175,"column":53}},"type":"cond-expr","locations":[{"start":{"line":174,"column":38},"end":{"line":174,"column":64}},{"start":{"line":175,"column":38},"end":{"line":175,"column":53}}],"line":173},"18":{"loc":{"start":{"line":186,"column":48},"end":{"line":186,"column":80}},"type":"cond-expr","locations":[{"start":{"line":186,"column":67},"end":{"line":186,"column":73}},{"start":{"line":186,"column":76},"end":{"line":186,"column":80}}],"line":186},"19":{"loc":{"start":{"line":193,"column":32},"end":{"line":197,"column":65}},"type":"cond-expr","locations":[{"start":{"line":194,"column":38},"end":{"line":194,"column":61}},{"start":{"line":195,"column":38},"end":{"line":197,"column":65}}],"line":193},"20":{"loc":{"start":{"line":195,"column":38},"end":{"line":197,"column":65}},"type":"cond-expr","locations":[{"start":{"line":196,"column":38},"end":{"line":196,"column":61}},{"start":{"line":197,"column":38},"end":{"line":197,"column":65}}],"line":195},"21":{"loc":{"start":{"line":206,"column":36},"end":{"line":208,"column":53}},"type":"cond-expr","locations":[{"start":{"line":207,"column":38},"end":{"line":207,"column":64}},{"start":{"line":208,"column":38},"end":{"line":208,"column":53}}],"line":206},"22":{"loc":{"start":{"line":219,"column":48},"end":{"line":219,"column":80}},"type":"cond-expr","locations":[{"start":{"line":219,"column":67},"end":{"line":219,"column":73}},{"start":{"line":219,"column":76},"end":{"line":219,"column":80}}],"line":219},"23":{"loc":{"start":{"line":226,"column":32},"end":{"line":228,"column":65}},"type":"cond-expr","locations":[{"start":{"line":227,"column":38},"end":{"line":227,"column":61}},{"start":{"line":228,"column":38},"end":{"line":228,"column":65}}],"line":226},"24":{"loc":{"start":{"line":237,"column":36},"end":{"line":239,"column":53}},"type":"cond-expr","locations":[{"start":{"line":238,"column":38},"end":{"line":238,"column":64}},{"start":{"line":239,"column":38},"end":{"line":239,"column":53}}],"line":237},"25":{"loc":{"start":{"line":248,"column":25},"end":{"line":496,"column":25}},"type":"binary-expr","locations":[{"start":{"line":248,"column":25},"end":{"line":248,"column":42}},{"start":{"line":249,"column":28},"end":{"line":495,"column":34}}],"line":248},"26":{"loc":{"start":{"line":498,"column":25},"end":{"line":619,"column":25}},"type":"binary-expr","locations":[{"start":{"line":498,"column":25},"end":{"line":498,"column":42}},{"start":{"line":499,"column":28},"end":{"line":618,"column":34}}],"line":498},"27":{"loc":{"start":{"line":596,"column":45},"end":{"line":606,"column":115}},"type":"cond-expr","locations":[{"start":{"line":597,"column":48},"end":{"line":606,"column":50}},{"start":{"line":606,"column":53},"end":{"line":606,"column":115}}],"line":596},"28":{"loc":{"start":{"line":596,"column":45},"end":{"line":596,"column":113}},"type":"binary-expr","locations":[{"start":{"line":596,"column":45},"end":{"line":596,"column":77}},{"start":{"line":596,"column":81},"end":{"line":596,"column":113}}],"line":596},"29":{"loc":{"start":{"line":600,"column":56},"end":{"line":603,"column":71}},"type":"binary-expr","locations":[{"start":{"line":600,"column":56},"end":{"line":600,"column":67}},{"start":{"line":601,"column":64},"end":{"line":603,"column":71}}],"line":600},"30":{"loc":{"start":{"line":626,"column":32},"end":{"line":628,"column":53}},"type":"cond-expr","locations":[{"start":{"line":627,"column":34},"end":{"line":627,"column":65}},{"start":{"line":628,"column":34},"end":{"line":628,"column":53}}],"line":626},"31":{"loc":{"start":{"line":645,"column":46},"end":{"line":645,"column":103}},"type":"cond-expr","locations":[{"start":{"line":645,"column":66},"end":{"line":645,"column":89}},{"start":{"line":645,"column":92},"end":{"line":645,"column":103}}],"line":645},"32":{"loc":{"start":{"line":646,"column":32},"end":{"line":648,"column":48}},"type":"cond-expr","locations":[{"start":{"line":647,"column":38},"end":{"line":647,"column":63}},{"start":{"line":648,"column":38},"end":{"line":648,"column":48}}],"line":646}},"s":{"0":0,"1":0,"2":0,"3":0,"4":0,"5":0,"6":0,"7":0,"8":0,"9":0,"10":0,"11":0,"12":0,"13":0,"14":0,"15":0,"16":0,"17":0,"18":0,"19":0,"20":0,"21":0,"22":0,"23":0,"24":0,"25":0,"26":0,"27":0,"28":0,"29":0,"30":0,"31":0,"32":0,"33":0,"34":0,"35":0,"36":0,"37":0,"38":0,"39":0,"40":0,"41":0,"42":0,"43":0,"44":0,"45":0,"46":0,"47":0,"48":0,"49":0,"50":0,"51":0,"52":0,"53":0,"54":0,"55":0,"56":0,"57":0,"58":0,"59":0,"60":0,"61":0,"62":0,"63":0,"64":0,"65":0,"66":0,"67":0,"68":0,"69":0,"70":0,"71":0,"72":0,"73":0,"74":0,"75":0,"76":0,"77":0,"78":0,"79":0,"80":0,"81":0,"82":0,"83":0,"84":0,"85":0,"86":0,"87":0,"88":0,"89":0,"90":0,"91":0,"92":0,"93":0,"94":0,"95":0,"96":0,"97":0,"98":0},"f":{"0":0,"1":0,"2":0,"3":0,"4":0,"5":0,"6":0,"7":0,"8":0,"9":0,"10":0,"11":0,"12":0,"13":0,"14":0,"15":0,"16":0,"17":0,"18":0,"19":0,"20":0,"21":0,"22":0,"23":0,"24":0,"25":0,"26":0,"27":0,"28":0,"29":0,"30":0,"31":0,"32":0,"33":0,"34":0,"35":0,"36":0,"37":0,"38":0,"39":0,"40":0,"41":0,"42":0,"43":0,"44":0,"45":0,"46":0},"b":{"0":[0,0],"1":[0,0],"2":[0,0],"3":[0,0],"4":[0,0],"5":[0,0],"6":[0,0,0,0,0],"7":[0,0],"8":[0,0],"9":[0,0],"10":[0,0],"11":[0,0],"12":[0,0],"13":[0,0],"14":[0,0],"15":[0,0],"16":[0,0],"17":[0,0],"18":[0,0],"19":[0,0],"20":[0,0],"21":[0,0],"22":[0,0],"23":[0,0],"24":[0,0],"25":[0,0],"26":[0,0],"27":[0,0],"28":[0,0],"29":[0,0],"30":[0,0],"31":[0,0],"32":[0,0]},"_coverageSchema":"1a1c01bbd47fc00a2c39e90264f33305004495a9","hash":"6fd7f19b7e5a2b675ea0a0e4c929745bcccdd237"}
,"C:\\Users\\g2002\\Desktop\\plf-es-2025-1-ti5-0492100-gastromatch\\code\\new_frontend\\src\\components\\Header\\Header.tsx": {"path":"C:\\Users\\g2002\\Desktop\\plf-es-2025-1-ti5-0492100-gastromatch\\code\\new_frontend\\src\\components\\Header\\Header.tsx","statementMap":{"0":{"start":{"line":7,"column":27},"end":{"line":7,"column":36}},"1":{"start":{"line":10,"column":2},"end":{"line":72,"column":3}}},"fnMap":{"0":{"name":"Header","decl":{"start":{"line":5,"column":24},"end":{"line":5,"column":30}},"loc":{"start":{"line":5,"column":33},"end":{"line":74,"column":1}},"line":5}},"branchMap":{"0":{"loc":{"start":{"line":37,"column":9},"end":{"line":68,"column":9}},"type":"cond-expr","locations":[{"start":{"line":38,"column":12},"end":{"line":48,"column":18}},{"start":{"line":50,"column":12},"end":{"line":67,"column":18}}],"line":37},"1":{"loc":{"start":{"line":54,"column":29},"end":{"line":54,"column":63}},"type":"binary-expr","locations":[{"start":{"line":54,"column":29},"end":{"line":54,"column":40}},{"start":{"line":54,"column":44},"end":{"line":54,"column":63}}],"line":54}},"s":{"0":9,"1":9},"f":{"0":9},"b":{"0":[0,9],"1":[9,0]},"_coverageSchema":"1a1c01bbd47fc00a2c39e90264f33305004495a9","hash":"841dbb3ecad1f5ee2b3b67ec9ba65b3771ae0082"}
,"C:\\Users\\g2002\\Desktop\\plf-es-2025-1-ti5-0492100-gastromatch\\code\\new_frontend\\src\\components\\ui\\SubmitBtn.tsx": {"path":"C:\\Users\\g2002\\Desktop\\plf-es-2025-1-ti5-0492100-gastromatch\\code\\new_frontend\\src\\components\\ui\\SubmitBtn.tsx","statementMap":{"0":{"start":{"line":5,"column":2},"end":{"line":23,"column":3}},"1":{"start":{"line":9,"column":51},"end":{"line":9,"column":62}}},"fnMap":{"0":{"name":"SubmitBtn","decl":{"start":{"line":3,"column":24},"end":{"line":3,"column":33}},"loc":{"start":{"line":3,"column":74},"end":{"line":24,"column":1}},"line":3},"1":{"name":"(anonymous_1)","decl":{"start":{"line":9,"column":43},"end":{"line":9,"column":44}},"loc":{"start":{"line":9,"column":51},"end":{"line":9,"column":62}},"line":9}},"branchMap":{"0":{"loc":{"start":{"line":7,"column":9},"end":{"line":19,"column":21}},"type":"cond-expr","locations":[{"start":{"line":9,"column":12},"end":{"line":12,"column":21}},{"start":{"line":14,"column":12},"end":{"line":19,"column":21}}],"line":7}},"s":{"0":0,"1":0},"f":{"0":0,"1":0},"b":{"0":[0,0]},"_coverageSchema":"1a1c01bbd47fc00a2c39e90264f33305004495a9","hash":"7c0ae28c6caf1407bf8a1a2766f71e86369541e9"}
,"C:\\Users\\g2002\\Desktop\\plf-es-2025-1-ti5-0492100-gastromatch\\code\\new_frontend\\src\\components\\ui\\alerts\\SuccessAlert.tsx": {"path":"C:\\Users\\g2002\\Desktop\\plf-es-2025-1-ti5-0492100-gastromatch\\code\\new_frontend\\src\\components\\ui\\alerts\\SuccessAlert.tsx","statementMap":{"0":{"start":{"line":5,"column":2},"end":{"line":42,"column":3}}},"fnMap":{"0":{"name":"SuccessAlert","decl":{"start":{"line":3,"column":24},"end":{"line":3,"column":36}},"loc":{"start":{"line":3,"column":88},"end":{"line":46,"column":1}},"line":3}},"branchMap":{"0":{"loc":{"start":{"line":6,"column":23},"end":{"line":6,"column":56}},"type":"cond-expr","locations":[{"start":{"line":6,"column":30},"end":{"line":6,"column":45}},{"start":{"line":6,"column":48},"end":{"line":6,"column":56}}],"line":6},"1":{"loc":{"start":{"line":21,"column":90},"end":{"line":21,"column":127}},"type":"binary-expr","locations":[{"start":{"line":21,"column":90},"end":{"line":21,"column":102}},{"start":{"line":21,"column":106},"end":{"line":21,"column":127}}],"line":21}},"s":{"0":0},"f":{"0":0},"b":{"0":[0,0],"1":[0,0]},"_coverageSchema":"1a1c01bbd47fc00a2c39e90264f33305004495a9","hash":"30b2d99b96efc6786eb954a98d886b0b28fc117b"}
,"C:\\Users\\g2002\\Desktop\\plf-es-2025-1-ti5-0492100-gastromatch\\code\\new_frontend\\src\\components\\ui\\alerts\\TextErrorAlert.tsx": {"path":"C:\\Users\\g2002\\Desktop\\plf-es-2025-1-ti5-0492100-gastromatch\\code\\new_frontend\\src\\components\\ui\\alerts\\TextErrorAlert.tsx","statementMap":{"0":{"start":{"line":8,"column":2},"end":{"line":8,"column":69}}},"fnMap":{"0":{"name":"TextErrorAlert","decl":{"start":{"line":7,"column":24},"end":{"line":7,"column":38}},"loc":{"start":{"line":7,"column":73},"end":{"line":9,"column":1}},"line":7}},"branchMap":{"0":{"loc":{"start":{"line":8,"column":10},"end":{"line":8,"column":68}},"type":"cond-expr","locations":[{"start":{"line":8,"column":17},"end":{"line":8,"column":64}},{"start":{"line":8,"column":66},"end":{"line":8,"column":68}}],"line":8}},"s":{"0":0},"f":{"0":0},"b":{"0":[0,0]},"_coverageSchema":"1a1c01bbd47fc00a2c39e90264f33305004495a9","hash":"f9ade67f4463b4dd3eee2bf32bea43ba6cc8a57d"}
,"C:\\Users\\g2002\\Desktop\\plf-es-2025-1-ti5-0492100-gastromatch\\code\\new_frontend\\src\\context\\AuthProvider.tsx": {"path":"C:\\Users\\g2002\\Desktop\\plf-es-2025-1-ti5-0492100-gastromatch\\code\\new_frontend\\src\\context\\AuthProvider.tsx","statementMap":{"0":{"start":{"line":14,"column":20},"end":{"line":14,"column":73}},"1":{"start":{"line":16,"column":28},"end":{"line":105,"column":1}},"2":{"start":{"line":17,"column":26},"end":{"line":17,"column":58}},"3":{"start":{"line":18,"column":32},"end":{"line":18,"column":46}},"4":{"start":{"line":19,"column":19},"end":{"line":19,"column":32}},"5":{"start":{"line":21,"column":2},"end":{"line":49,"column":9}},"6":{"start":{"line":22,"column":4},"end":{"line":48,"column":40}},"7":{"start":{"line":28,"column":8},"end":{"line":43,"column":9}},"8":{"start":{"line":29,"column":23},"end":{"line":29,"column":39}},"9":{"start":{"line":31,"column":73},"end":{"line":31,"column":82}},"10":{"start":{"line":33,"column":10},"end":{"line":41,"column":13}},"11":{"start":{"line":46,"column":8},"end":{"line":46,"column":22}},"12":{"start":{"line":48,"column":21},"end":{"line":48,"column":38}},"13":{"start":{"line":52,"column":17},"end":{"line":59,"column":3}},"14":{"start":{"line":53,"column":4},"end":{"line":56,"column":7}},"15":{"start":{"line":57,"column":4},"end":{"line":57,"column":18}},"16":{"start":{"line":58,"column":4},"end":{"line":58,"column":23}},"17":{"start":{"line":61,"column":16},"end":{"line":98,"column":3}},"18":{"start":{"line":63,"column":4},"end":{"line":97,"column":5}},"19":{"start":{"line":65,"column":20},"end":{"line":72,"column":10}},"20":{"start":{"line":74,"column":8},"end":{"line":77,"column":9}},"21":{"start":{"line":75,"column":30},"end":{"line":75,"column":46}},"22":{"start":{"line":76,"column":12},"end":{"line":76,"column":66}},"23":{"start":{"line":79,"column":21},"end":{"line":79,"column":37}},"24":{"start":{"line":81,"column":71},"end":{"line":81,"column":80}},"25":{"start":{"line":83,"column":8},"end":{"line":91,"column":11}},"26":{"start":{"line":93,"column":8},"end":{"line":93,"column":22}},"27":{"start":{"line":96,"column":6},"end":{"line":96,"column":62}},"28":{"start":{"line":100,"column":2},"end":{"line":104,"column":4}},"29":{"start":{"line":107,"column":23},"end":{"line":107,"column":52}},"30":{"start":{"line":107,"column":29},"end":{"line":107,"column":52}}},"fnMap":{"0":{"name":"(anonymous_0)","decl":{"start":{"line":16,"column":28},"end":{"line":16,"column":29}},"loc":{"start":{"line":16,"column":77},"end":{"line":105,"column":1}},"line":16},"1":{"name":"(anonymous_1)","decl":{"start":{"line":21,"column":12},"end":{"line":21,"column":13}},"loc":{"start":{"line":21,"column":18},"end":{"line":49,"column":3}},"line":21},"2":{"name":"(anonymous_2)","decl":{"start":{"line":26,"column":12},"end":{"line":26,"column":13}},"loc":{"start":{"line":26,"column":27},"end":{"line":44,"column":7}},"line":26},"3":{"name":"(anonymous_3)","decl":{"start":{"line":45,"column":13},"end":{"line":45,"column":14}},"loc":{"start":{"line":45,"column":19},"end":{"line":47,"column":7}},"line":45},"4":{"name":"(anonymous_4)","decl":{"start":{"line":48,"column":15},"end":{"line":48,"column":16}},"loc":{"start":{"line":48,"column":21},"end":{"line":48,"column":38}},"line":48},"5":{"name":"(anonymous_5)","decl":{"start":{"line":52,"column":17},"end":{"line":52,"column":18}},"loc":{"start":{"line":52,"column":29},"end":{"line":59,"column":3}},"line":52},"6":{"name":"(anonymous_6)","decl":{"start":{"line":61,"column":16},"end":{"line":61,"column":17}},"loc":{"start":{"line":61,"column":76},"end":{"line":98,"column":3}},"line":61},"7":{"name":"(anonymous_7)","decl":{"start":{"line":107,"column":23},"end":{"line":107,"column":24}},"loc":{"start":{"line":107,"column":29},"end":{"line":107,"column":52}},"line":107}},"branchMap":{"0":{"loc":{"start":{"line":28,"column":8},"end":{"line":43,"column":9}},"type":"if","locations":[{"start":{"line":28,"column":8},"end":{"line":43,"column":9}},{"start":{},"end":{}}],"line":28},"1":{"loc":{"start":{"line":74,"column":8},"end":{"line":77,"column":9}},"type":"if","locations":[{"start":{"line":74,"column":8},"end":{"line":77,"column":9}},{"start":{},"end":{}}],"line":74},"2":{"loc":{"start":{"line":76,"column":28},"end":{"line":76,"column":64}},"type":"binary-expr","locations":[{"start":{"line":76,"column":28},"end":{"line":76,"column":46}},{"start":{"line":76,"column":50},"end":{"line":76,"column":64}}],"line":76},"3":{"loc":{"start":{"line":96,"column":22},"end":{"line":96,"column":60}},"type":"binary-expr","locations":[{"start":{"line":96,"column":22},"end":{"line":96,"column":25}},{"start":{"line":96,"column":29},"end":{"line":96,"column":60}}],"line":96}},"s":{"0":1,"1":1,"2":8,"3":8,"4":8,"5":8,"6":4,"7":4,"8":0,"9":0,"10":0,"11":0,"12":4,"13":8,"14":0,"15":0,"16":0,"17":8,"18":0,"19":0,"20":0,"21":0,"22":0,"23":0,"24":0,"25":0,"26":0,"27":0,"28":8,"29":1,"30":0},"f":{"0":8,"1":4,"2":4,"3":0,"4":4,"5":0,"6":0,"7":0},"b":{"0":[0,4],"1":[0,0],"2":[0,0],"3":[0,0]},"_coverageSchema":"1a1c01bbd47fc00a2c39e90264f33305004495a9","hash":"20f5257f799696c318d4301f98edd12605c1b5e4"}
,"C:\\Users\\g2002\\Desktop\\plf-es-2025-1-ti5-0492100-gastromatch\\code\\new_frontend\\src\\lib\\env.ts": {"path":"C:\\Users\\g2002\\Desktop\\plf-es-2025-1-ti5-0492100-gastromatch\\code\\new_frontend\\src\\lib\\env.ts","statementMap":{"0":{"start":{"line":1,"column":26},"end":{"line":1,"column":80}}},"fnMap":{},"branchMap":{"0":{"loc":{"start":{"line":1,"column":26},"end":{"line":1,"column":80}},"type":"binary-expr","locations":[{"start":{"line":1,"column":26},"end":{"line":1,"column":53}},{"start":{"line":1,"column":57},"end":{"line":1,"column":80}}],"line":1}},"s":{"0":1},"f":{},"b":{"0":[1,1]},"_coverageSchema":"1a1c01bbd47fc00a2c39e90264f33305004495a9","hash":"dc0729af24d056b50800e809d48758962bb8d93b"}
,"C:\\Users\\g2002\\Desktop\\plf-es-2025-1-ti5-0492100-gastromatch\\code\\new_frontend\\src\\routes\\Home.tsx": {"path":"C:\\Users\\g2002\\Desktop\\plf-es-2025-1-ti5-0492100-gastromatch\\code\\new_frontend\\src\\routes\\Home.tsx","statementMap":{"0":{"start":{"line":12,"column":13},"end":{"line":144,"column":1}},"1":{"start":{"line":14,"column":36},"end":{"line":14,"column":69}},"2":{"start":{"line":15,"column":30},"end":{"line":15,"column":50}},"3":{"start":{"line":16,"column":30},"end":{"line":16,"column":42}},"4":{"start":{"line":17,"column":68},"end":{"line":17,"column":88}},"5":{"start":{"line":18,"column":19},"end":{"line":18,"column":28}},"6":{"start":{"line":19,"column":60},"end":{"line":19,"column":84}},"7":{"start":{"line":20,"column":44},"end":{"line":20,"column":60}},"8":{"start":{"line":21,"column":52},"end":{"line":21,"column":76}},"9":{"start":{"line":23,"column":4},"end":{"line":23,"column":27}},"10":{"start":{"line":23,"column":15},"end":{"line":23,"column":27}},"11":{"start":{"line":25,"column":4},"end":{"line":39,"column":11}},"12":{"start":{"line":28,"column":29},"end":{"line":28,"column":101}},"13":{"start":{"line":29,"column":32},"end":{"line":29,"column":53}},"14":{"start":{"line":31,"column":12},"end":{"line":33,"column":13}},"15":{"start":{"line":32,"column":16},"end":{"line":32,"column":49}},"16":{"start":{"line":37,"column":8},"end":{"line":37,"column":23}},"17":{"start":{"line":41,"column":4},"end":{"line":143,"column":6}},"18":{"start":{"line":65,"column":41},"end":{"line":65,"column":65}},"19":{"start":{"line":102,"column":28},"end":{"line":121,"column":34}},"20":{"start":{"line":117,"column":55},"end":{"line":117,"column":107}},"21":{"start":{"line":135,"column":93},"end":{"line":135,"column":123}},"22":{"start":{"line":135,"column":181},"end":{"line":135,"column":238}},"23":{"start":{"line":136,"column":135},"end":{"line":136,"column":161}}},"fnMap":{"0":{"name":"(anonymous_0)","decl":{"start":{"line":12,"column":13},"end":{"line":12,"column":14}},"loc":{"start":{"line":12,"column":19},"end":{"line":144,"column":1}},"line":12},"1":{"name":"(anonymous_1)","decl":{"start":{"line":25,"column":14},"end":{"line":25,"column":15}},"loc":{"start":{"line":25,"column":20},"end":{"line":39,"column":5}},"line":25},"2":{"name":"fetchGarcons","decl":{"start":{"line":27,"column":23},"end":{"line":27,"column":35}},"loc":{"start":{"line":27,"column":38},"end":{"line":35,"column":9}},"line":27},"3":{"name":"(anonymous_3)","decl":{"start":{"line":65,"column":34},"end":{"line":65,"column":35}},"loc":{"start":{"line":65,"column":41},"end":{"line":65,"column":65}},"line":65},"4":{"name":"(anonymous_4)","decl":{"start":{"line":101,"column":35},"end":{"line":101,"column":36}},"loc":{"start":{"line":102,"column":28},"end":{"line":121,"column":34}},"line":102},"5":{"name":"(anonymous_5)","decl":{"start":{"line":117,"column":49},"end":{"line":117,"column":50}},"loc":{"start":{"line":117,"column":55},"end":{"line":117,"column":107}},"line":117},"6":{"name":"(anonymous_6)","decl":{"start":{"line":135,"column":87},"end":{"line":135,"column":88}},"loc":{"start":{"line":135,"column":93},"end":{"line":135,"column":123}},"line":135},"7":{"name":"(anonymous_7)","decl":{"start":{"line":135,"column":174},"end":{"line":135,"column":175}},"loc":{"start":{"line":135,"column":181},"end":{"line":135,"column":238}},"line":135},"8":{"name":"(anonymous_8)","decl":{"start":{"line":136,"column":129},"end":{"line":136,"column":130}},"loc":{"start":{"line":136,"column":135},"end":{"line":136,"column":161}},"line":136}},"branchMap":{"0":{"loc":{"start":{"line":23,"column":4},"end":{"line":23,"column":27}},"type":"if","locations":[{"start":{"line":23,"column":4},"end":{"line":23,"column":27}},{"start":{},"end":{}}],"line":23},"1":{"loc":{"start":{"line":31,"column":12},"end":{"line":33,"column":13}},"type":"if","locations":[{"start":{"line":31,"column":12},"end":{"line":33,"column":13}},{"start":{},"end":{}}],"line":31},"2":{"loc":{"start":{"line":31,"column":16},"end":{"line":31,"column":73}},"type":"binary-expr","locations":[{"start":{"line":31,"column":16},"end":{"line":31,"column":27}},{"start":{"line":31,"column":31},"end":{"line":31,"column":47}},{"start":{"line":31,"column":51},"end":{"line":31,"column":73}}],"line":31},"3":{"loc":{"start":{"line":114,"column":33},"end":{"line":116,"column":33}},"type":"binary-expr","locations":[{"start":{"line":114,"column":33},"end":{"line":114,"column":62}},{"start":{"line":115,"column":36},"end":{"line":115,"column":113}}],"line":114},"4":{"loc":{"start":{"line":133,"column":13},"end":{"line":139,"column":22}},"type":"cond-expr","locations":[{"start":{"line":134,"column":12},"end":{"line":137,"column":15}},{"start":{"line":139,"column":18},"end":{"line":139,"column":22}}],"line":133}},"s":{"0":1,"1":9,"2":9,"3":9,"4":9,"5":9,"6":9,"7":9,"8":9,"9":9,"10":0,"11":9,"12":4,"13":4,"14":4,"15":4,"16":4,"17":9,"18":1,"19":5,"20":0,"21":0,"22":0,"23":0},"f":{"0":9,"1":4,"2":4,"3":1,"4":5,"5":0,"6":0,"7":0,"8":0},"b":{"0":[0,9],"1":[4,0],"2":[4,4,4],"3":[5,5],"4":[0,9]},"_coverageSchema":"1a1c01bbd47fc00a2c39e90264f33305004495a9","hash":"b735699f53c35992ee3de763f798097a51d576ca"}
}
