TN:
SF:src\components\ModalReservation.tsx
FN:18,ModalReservation
FN:47,(anonymous_1)
FN:51,(anonymous_2)
FN:55,(anonymous_3)
FN:59,(anonymous_4)
FN:60,(anonymous_5)
FN:63,(anonymous_6)
FN:64,(anonymous_7)
FN:66,(anonymous_8)
FN:72,(anonymous_9)
FN:91,(anonymous_10)
FN:99,(anonymous_11)
FN:104,(anonymous_12)
FN:108,(anonymous_13)
FN:117,(anonymous_14)
FN:263,(anonymous_15)
FN:264,(anonymous_16)
FN:279,(anonymous_17)
FN:280,(anonymous_18)
FN:295,(anonymous_19)
FN:296,(anonymous_20)
FN:311,(anonymous_21)
FN:312,(anonymous_22)
FN:327,(anonymous_23)
FN:328,(anonymous_24)
FN:351,(anonymous_25)
FN:355,(anonymous_26)
FN:367,(anonymous_27)
FN:372,(anonymous_28)
FN:384,(anonymous_29)
FN:385,(anonymous_30)
FN:400,(anonymous_31)
FN:401,(anonymous_32)
FN:416,(anonymous_33)
FN:427,(anonymous_34)
FN:444,(anonymous_35)
FN:445,(anonymous_36)
FN:452,(anonymous_37)
FN:455,(anonymous_38)
FN:456,(anonymous_39)
FN:457,(anonymous_40)
FN:478,(anonymous_41)
FN:479,(anonymous_42)
FN:518,(anonymous_43)
FN:543,(anonymous_44)
FN:597,(anonymous_45)
FN:647,(anonymous_46)
FNF:47
FNH:0
FNDA:0,ModalReservation
FNDA:0,(anonymous_1)
FNDA:0,(anonymous_2)
FNDA:0,(anonymous_3)
FNDA:0,(anonymous_4)
FNDA:0,(anonymous_5)
FNDA:0,(anonymous_6)
FNDA:0,(anonymous_7)
FNDA:0,(anonymous_8)
FNDA:0,(anonymous_9)
FNDA:0,(anonymous_10)
FNDA:0,(anonymous_11)
FNDA:0,(anonymous_12)
FNDA:0,(anonymous_13)
FNDA:0,(anonymous_14)
FNDA:0,(anonymous_15)
FNDA:0,(anonymous_16)
FNDA:0,(anonymous_17)
FNDA:0,(anonymous_18)
FNDA:0,(anonymous_19)
FNDA:0,(anonymous_20)
FNDA:0,(anonymous_21)
FNDA:0,(anonymous_22)
FNDA:0,(anonymous_23)
FNDA:0,(anonymous_24)
FNDA:0,(anonymous_25)
FNDA:0,(anonymous_26)
FNDA:0,(anonymous_27)
FNDA:0,(anonymous_28)
FNDA:0,(anonymous_29)
FNDA:0,(anonymous_30)
FNDA:0,(anonymous_31)
FNDA:0,(anonymous_32)
FNDA:0,(anonymous_33)
FNDA:0,(anonymous_34)
FNDA:0,(anonymous_35)
FNDA:0,(anonymous_36)
FNDA:0,(anonymous_37)
FNDA:0,(anonymous_38)
FNDA:0,(anonymous_39)
FNDA:0,(anonymous_40)
FNDA:0,(anonymous_41)
FNDA:0,(anonymous_42)
FNDA:0,(anonymous_43)
FNDA:0,(anonymous_44)
FNDA:0,(anonymous_45)
FNDA:0,(anonymous_46)
DA:26,0
DA:27,0
DA:28,0
DA:29,0
DA:31,0
DA:47,0
DA:48,0
DA:51,0
DA:53,0
DA:55,0
DA:59,0
DA:60,0
DA:63,0
DA:64,0
DA:66,0
DA:67,0
DA:68,0
DA:69,0
DA:72,0
DA:74,0
DA:76,0
DA:77,0
DA:78,0
DA:81,0
DA:82,0
DA:83,0
DA:86,0
DA:87,0
DA:88,0
DA:91,0
DA:95,0
DA:99,0
DA:100,0
DA:102,0
DA:104,0
DA:106,0
DA:107,0
DA:108,0
DA:114,0
DA:117,0
DA:119,0
DA:121,0
DA:128,0
DA:129,0
DA:130,0
DA:132,0
DA:133,0
DA:134,0
DA:135,0
DA:138,0
DA:142,0
DA:264,0
DA:280,0
DA:296,0
DA:312,0
DA:328,0
DA:352,0
DA:353,0
DA:354,0
DA:355,0
DA:368,0
DA:369,0
DA:370,0
DA:371,0
DA:372,0
DA:385,0
DA:401,0
DA:416,0
DA:428,0
DA:444,0
DA:446,0
DA:453,0
DA:455,0
DA:456,0
DA:457,0
DA:479,0
DA:519,0
DA:544,0
DA:599,0
DA:647,0
LF:80
LH:0
BRDA:37,0,0,0
BRDA:37,0,1,0
BRDA:53,1,0,0
BRDA:53,1,1,0
BRDA:53,2,0,0
BRDA:53,2,1,0
BRDA:67,3,0,0
BRDA:67,3,1,0
BRDA:68,4,0,0
BRDA:68,4,1,0
BRDA:76,5,0,0
BRDA:76,5,1,0
BRDA:76,6,0,0
BRDA:76,6,1,0
BRDA:76,6,2,0
BRDA:76,6,3,0
BRDA:76,6,4,0
BRDA:81,7,0,0
BRDA:81,7,1,0
BRDA:81,8,0,0
BRDA:81,8,1,0
BRDA:86,9,0,0
BRDA:86,9,1,0
BRDA:100,10,0,0
BRDA:100,10,1,0
BRDA:106,11,0,0
BRDA:106,11,1,0
BRDA:132,12,0,0
BRDA:132,12,1,0
BRDA:132,13,0,0
BRDA:132,13,1,0
BRDA:133,14,0,0
BRDA:133,14,1,0
BRDA:143,15,0,0
BRDA:143,15,1,0
BRDA:162,16,0,0
BRDA:162,16,1,0
BRDA:173,17,0,0
BRDA:173,17,1,0
BRDA:186,18,0,0
BRDA:186,18,1,0
BRDA:193,19,0,0
BRDA:193,19,1,0
BRDA:195,20,0,0
BRDA:195,20,1,0
BRDA:206,21,0,0
BRDA:206,21,1,0
BRDA:219,22,0,0
BRDA:219,22,1,0
BRDA:226,23,0,0
BRDA:226,23,1,0
BRDA:237,24,0,0
BRDA:237,24,1,0
BRDA:248,25,0,0
BRDA:248,25,1,0
BRDA:498,26,0,0
BRDA:498,26,1,0
BRDA:596,27,0,0
BRDA:596,27,1,0
BRDA:596,28,0,0
BRDA:596,28,1,0
BRDA:600,29,0,0
BRDA:600,29,1,0
BRDA:626,30,0,0
BRDA:626,30,1,0
BRDA:645,31,0,0
BRDA:645,31,1,0
BRDA:646,32,0,0
BRDA:646,32,1,0
BRF:69
BRH:0
end_of_record
TN:
SF:src\components\Header\Header.tsx
FN:5,Header
FNF:1
FNH:1
FNDA:9,Header
DA:7,9
DA:10,9
LF:2
LH:2
BRDA:37,0,0,0
BRDA:37,0,1,9
BRDA:54,1,0,9
BRDA:54,1,1,0
BRF:4
BRH:2
end_of_record
TN:
SF:src\components\ui\SubmitBtn.tsx
FN:3,SubmitBtn
FN:9,(anonymous_1)
FNF:2
FNH:0
FNDA:0,SubmitBtn
FNDA:0,(anonymous_1)
DA:5,0
DA:9,0
LF:2
LH:0
BRDA:7,0,0,0
BRDA:7,0,1,0
BRF:2
BRH:0
end_of_record
TN:
SF:src\components\ui\alerts\SuccessAlert.tsx
FN:3,SuccessAlert
FNF:1
FNH:0
FNDA:0,SuccessAlert
DA:5,0
LF:1
LH:0
BRDA:6,0,0,0
BRDA:6,0,1,0
BRDA:21,1,0,0
BRDA:21,1,1,0
BRF:4
BRH:0
end_of_record
TN:
SF:src\components\ui\alerts\TextErrorAlert.tsx
FN:7,TextErrorAlert
FNF:1
FNH:0
FNDA:0,TextErrorAlert
DA:8,0
LF:1
LH:0
BRDA:8,0,0,0
BRDA:8,0,1,0
BRF:2
BRH:0
end_of_record
TN:
SF:src\context\AuthProvider.tsx
FN:16,(anonymous_0)
FN:21,(anonymous_1)
FN:26,(anonymous_2)
FN:45,(anonymous_3)
FN:48,(anonymous_4)
FN:52,(anonymous_5)
FN:61,(anonymous_6)
FN:107,(anonymous_7)
FNF:8
FNH:4
FNDA:8,(anonymous_0)
FNDA:4,(anonymous_1)
FNDA:4,(anonymous_2)
FNDA:0,(anonymous_3)
FNDA:4,(anonymous_4)
FNDA:0,(anonymous_5)
FNDA:0,(anonymous_6)
FNDA:0,(anonymous_7)
DA:14,1
DA:16,1
DA:17,8
DA:18,8
DA:19,8
DA:21,8
DA:22,4
DA:28,4
DA:29,0
DA:31,0
DA:33,0
DA:46,0
DA:48,4
DA:52,8
DA:53,0
DA:57,0
DA:58,0
DA:61,8
DA:63,0
DA:65,0
DA:74,0
DA:75,0
DA:76,0
DA:79,0
DA:81,0
DA:83,0
DA:93,0
DA:96,0
DA:100,8
DA:107,1
LF:30
LH:13
BRDA:28,0,0,0
BRDA:28,0,1,4
BRDA:74,1,0,0
BRDA:74,1,1,0
BRDA:76,2,0,0
BRDA:76,2,1,0
BRDA:96,3,0,0
BRDA:96,3,1,0
BRF:8
BRH:1
end_of_record
TN:
SF:src\lib\env.ts
FNF:0
FNH:0
DA:1,1
LF:1
LH:1
BRDA:1,0,0,1
BRDA:1,0,1,1
BRF:2
BRH:2
end_of_record
TN:
SF:src\routes\Home.tsx
FN:12,(anonymous_0)
FN:25,(anonymous_1)
FN:27,fetchGarcons
FN:65,(anonymous_3)
FN:101,(anonymous_4)
FN:117,(anonymous_5)
FN:135,(anonymous_6)
FN:135,(anonymous_7)
FN:136,(anonymous_8)
FNF:9
FNH:5
FNDA:9,(anonymous_0)
FNDA:4,(anonymous_1)
FNDA:4,fetchGarcons
FNDA:1,(anonymous_3)
FNDA:5,(anonymous_4)
FNDA:0,(anonymous_5)
FNDA:0,(anonymous_6)
FNDA:0,(anonymous_7)
FNDA:0,(anonymous_8)
DA:12,1
DA:14,9
DA:15,9
DA:16,9
DA:17,9
DA:18,9
DA:19,9
DA:20,9
DA:21,9
DA:23,9
DA:25,9
DA:28,4
DA:29,4
DA:31,4
DA:32,4
DA:37,4
DA:41,9
DA:65,1
DA:102,5
DA:117,0
DA:135,0
DA:136,0
LF:22
LH:19
BRDA:23,0,0,0
BRDA:23,0,1,9
BRDA:31,1,0,4
BRDA:31,1,1,0
BRDA:31,2,0,4
BRDA:31,2,1,4
BRDA:31,2,2,4
BRDA:114,3,0,5
BRDA:114,3,1,5
BRDA:133,4,0,0
BRDA:133,4,1,9
BRF:11
BRH:8
end_of_record
